<?xml version="1.0" encoding="UTF-8"?>
<testng-results skipped="0" failed="0" ignored="0" total="1" passed="1">
  <reporter-output>
  </reporter-output>
  <suite name="TestRun" duration-ms="13338" started-at="2022-01-11T11:42:29 GFT" finished-at="2022-01-11T11:42:42 GFT">
    <groups>
    </groups>
    <test name="Command line test" duration-ms="13338" started-at="2022-01-11T11:42:29 GFT" finished-at="2022-01-11T11:42:42 GFT">
      <class name="TestRun">
        <test-method status="PASS" signature="runAllTests()[pri:0, instance:TestRun@20322d26]" name="runAllTests" duration-ms="13293" started-at="2022-01-11T11:42:29 GFT" finished-at="2022-01-11T11:42:42 GFT">
          <reporter-output>
          </reporter-output>
        </test-method> <!-- runAllTests -->
      </class> <!-- TestRun -->
    </test> <!-- Command line test -->
  </suite> <!-- TestRun -->
</testng-results>
